Analysis & Synthesis report for top
Sun Jan 05 15:07:07 2025
Quartus Prime Version 20.1.1 Build 720 11/11/2020 SJ Lite Edition


---------------------
; Table of Contents ;
---------------------
  1. Legal Notice
  2. Analysis & Synthesis Summary
  3. Analysis & Synthesis Settings
  4. Parallel Compilation
  5. Analysis & Synthesis Source Files Read
  6. Analysis & Synthesis Resource Usage Summary
  7. Analysis & Synthesis Resource Utilization by Entity
  8. Registers Removed During Synthesis
  9. Removed Registers Triggering Further Register Optimizations
 10. General Register Statistics
 11. Parameter Settings for User Entity Instance: Top-level Entity: |fpga
 12. Parameter Settings for User Entity Instance: top_module:top
 13. Parameter Settings for User Entity Instance: top_module:top|floating_point_adder:adder
 14. Parameter Settings for User Entity Instance: top_module:top|floating_point_subtractor:subtractor
 15. Parameter Settings for User Entity Instance: top_module:top|floating_point_multiplier:multiplier
 16. Parameter Settings for User Entity Instance: top_module:top|floating_point_divider:divider
 17. Port Connectivity Checks: "binary_to_7seg:ss8"
 18. Post-Synthesis Netlist Statistics for Top Partition
 19. Elapsed Time Per Partition
 20. Analysis & Synthesis Messages
 21. Analysis & Synthesis Suppressed Messages



----------------
; Legal Notice ;
----------------
Copyright (C) 2020  Intel Corporation. All rights reserved.
Your use of Intel Corporation's design tools, logic functions 
and other software and tools, and any partner logic 
functions, and any output files from any of the foregoing 
(including device programming or simulation files), and any 
associated documentation or information are expressly subject 
to the terms and conditions of the Intel Program License 
Subscription Agreement, the Intel Quartus Prime License Agreement,
the Intel FPGA IP License Agreement, or other applicable license
agreement, including, without limitation, that your use is for
the sole purpose of programming logic devices manufactured by
Intel and sold by Intel or its authorized distributors.  Please
refer to the applicable agreement for further details, at
https://fpgasoftware.intel.com/eula.



+----------------------------------------------------------------------------------+
; Analysis & Synthesis Summary                                                     ;
+------------------------------------+---------------------------------------------+
; Analysis & Synthesis Status        ; Successful - Sun Jan 05 15:07:06 2025       ;
; Quartus Prime Version              ; 20.1.1 Build 720 11/11/2020 SJ Lite Edition ;
; Revision Name                      ; top                                         ;
; Top-level Entity Name              ; fpga                                        ;
; Family                             ; Cyclone IV E                                ;
; Total logic elements               ; 5                                           ;
;     Total combinational functions  ; 1                                           ;
;     Dedicated logic registers      ; 5                                           ;
; Total registers                    ; 5                                           ;
; Total pins                         ; 51                                          ;
; Total virtual pins                 ; 0                                           ;
; Total memory bits                  ; 0                                           ;
; Embedded Multiplier 9-bit elements ; 0                                           ;
; Total PLLs                         ; 0                                           ;
+------------------------------------+---------------------------------------------+


+------------------------------------------------------------------------------------------------------------+
; Analysis & Synthesis Settings                                                                              ;
+------------------------------------------------------------------+--------------------+--------------------+
; Option                                                           ; Setting            ; Default Value      ;
+------------------------------------------------------------------+--------------------+--------------------+
; Device                                                           ; EP4CE115F29C7      ;                    ;
; Top-level entity name                                            ; fpga               ; top                ;
; Family name                                                      ; Cyclone IV E       ; Cyclone V          ;
; Use smart compilation                                            ; Off                ; Off                ;
; Enable parallel Assembler and Timing Analyzer during compilation ; On                 ; On                 ;
; Enable compact report table                                      ; Off                ; Off                ;
; Restructure Multiplexers                                         ; Auto               ; Auto               ;
; Create Debugging Nodes for IP Cores                              ; Off                ; Off                ;
; Preserve fewer node names                                        ; On                 ; On                 ;
; Intel FPGA IP Evaluation Mode                                    ; Enable             ; Enable             ;
; Verilog Version                                                  ; Verilog_2001       ; Verilog_2001       ;
; VHDL Version                                                     ; VHDL_1993          ; VHDL_1993          ;
; State Machine Processing                                         ; Auto               ; Auto               ;
; Safe State Machine                                               ; Off                ; Off                ;
; Extract Verilog State Machines                                   ; On                 ; On                 ;
; Extract VHDL State Machines                                      ; On                 ; On                 ;
; Ignore Verilog initial constructs                                ; Off                ; Off                ;
; Iteration limit for constant Verilog loops                       ; 5000               ; 5000               ;
; Iteration limit for non-constant Verilog loops                   ; 250                ; 250                ;
; Add Pass-Through Logic to Inferred RAMs                          ; On                 ; On                 ;
; Infer RAMs from Raw Logic                                        ; On                 ; On                 ;
; Parallel Synthesis                                               ; On                 ; On                 ;
; DSP Block Balancing                                              ; Auto               ; Auto               ;
; NOT Gate Push-Back                                               ; On                 ; On                 ;
; Power-Up Don't Care                                              ; On                 ; On                 ;
; Remove Redundant Logic Cells                                     ; Off                ; Off                ;
; Remove Duplicate Registers                                       ; On                 ; On                 ;
; Ignore CARRY Buffers                                             ; Off                ; Off                ;
; Ignore CASCADE Buffers                                           ; Off                ; Off                ;
; Ignore GLOBAL Buffers                                            ; Off                ; Off                ;
; Ignore ROW GLOBAL Buffers                                        ; Off                ; Off                ;
; Ignore LCELL Buffers                                             ; Off                ; Off                ;
; Ignore SOFT Buffers                                              ; On                 ; On                 ;
; Limit AHDL Integers to 32 Bits                                   ; Off                ; Off                ;
; Optimization Technique                                           ; Balanced           ; Balanced           ;
; Carry Chain Length                                               ; 70                 ; 70                 ;
; Auto Carry Chains                                                ; On                 ; On                 ;
; Auto Open-Drain Pins                                             ; On                 ; On                 ;
; Perform WYSIWYG Primitive Resynthesis                            ; Off                ; Off                ;
; Auto ROM Replacement                                             ; On                 ; On                 ;
; Auto RAM Replacement                                             ; On                 ; On                 ;
; Auto DSP Block Replacement                                       ; On                 ; On                 ;
; Auto Shift Register Replacement                                  ; Auto               ; Auto               ;
; Allow Shift Register Merging across Hierarchies                  ; Auto               ; Auto               ;
; Auto Clock Enable Replacement                                    ; On                 ; On                 ;
; Strict RAM Replacement                                           ; Off                ; Off                ;
; Allow Synchronous Control Signals                                ; On                 ; On                 ;
; Force Use of Synchronous Clear Signals                           ; Off                ; Off                ;
; Auto RAM Block Balancing                                         ; On                 ; On                 ;
; Auto RAM to Logic Cell Conversion                                ; Off                ; Off                ;
; Auto Resource Sharing                                            ; Off                ; Off                ;
; Allow Any RAM Size For Recognition                               ; Off                ; Off                ;
; Allow Any ROM Size For Recognition                               ; Off                ; Off                ;
; Allow Any Shift Register Size For Recognition                    ; Off                ; Off                ;
; Use LogicLock Constraints during Resource Balancing              ; On                 ; On                 ;
; Ignore translate_off and synthesis_off directives                ; Off                ; Off                ;
; Timing-Driven Synthesis                                          ; On                 ; On                 ;
; Report Parameter Settings                                        ; On                 ; On                 ;
; Report Source Assignments                                        ; On                 ; On                 ;
; Report Connectivity Checks                                       ; On                 ; On                 ;
; Ignore Maximum Fan-Out Assignments                               ; Off                ; Off                ;
; Synchronization Register Chain Length                            ; 2                  ; 2                  ;
; Power Optimization During Synthesis                              ; Normal compilation ; Normal compilation ;
; HDL message level                                                ; Level2             ; Level2             ;
; Suppress Register Optimization Related Messages                  ; Off                ; Off                ;
; Number of Removed Registers Reported in Synthesis Report         ; 5000               ; 5000               ;
; Number of Swept Nodes Reported in Synthesis Report               ; 5000               ; 5000               ;
; Number of Inverted Registers Reported in Synthesis Report        ; 100                ; 100                ;
; Clock MUX Protection                                             ; On                 ; On                 ;
; Auto Gated Clock Conversion                                      ; Off                ; Off                ;
; Block Design Naming                                              ; Auto               ; Auto               ;
; SDC constraint protection                                        ; Off                ; Off                ;
; Synthesis Effort                                                 ; Auto               ; Auto               ;
; Shift Register Replacement - Allow Asynchronous Clear Signal     ; On                 ; On                 ;
; Pre-Mapping Resynthesis Optimization                             ; Off                ; Off                ;
; Analysis & Synthesis Message Level                               ; Medium             ; Medium             ;
; Disable Register Merging Across Hierarchies                      ; Auto               ; Auto               ;
; Resource Aware Inference For Block RAM                           ; On                 ; On                 ;
+------------------------------------------------------------------+--------------------+--------------------+


+------------------------------------------+
; Parallel Compilation                     ;
+----------------------------+-------------+
; Processors                 ; Number      ;
+----------------------------+-------------+
; Number detected on machine ; 12          ;
; Maximum allowed            ; 10          ;
;                            ;             ;
; Average used               ; 1.00        ;
; Maximum used               ; 10          ;
;                            ;             ;
; Usage by Processor         ; % Time Used ;
;     Processor 1            ; 100.0%      ;
;     Processors 2-10        ;   0.0%      ;
+----------------------------+-------------+


+----------------------------------------------------------------------------------------------------------------------------------------------------------------------------+
; Analysis & Synthesis Source Files Read                                                                                                                                     ;
+----------------------------------+-----------------+------------------------------+------------------------------------------------------------------------------+---------+
; File Name with User-Entered Path ; Used in Netlist ; File Type                    ; File Name with Absolute Path                                                 ; Library ;
+----------------------------------+-----------------+------------------------------+------------------------------------------------------------------------------+---------+
; ../floating_point_adder.sv       ; yes             ; User SystemVerilog HDL File  ; C:/SJ/Sem 7/EN3021_Digital System Design/fp/floating_point_adder.sv          ;         ;
; floating_point_subtractor.sv     ; yes             ; User SystemVerilog HDL File  ; C:/SJ/Sem 7/EN3021_Digital System Design/fp/new/floating_point_subtractor.sv ;         ;
; floating_point_multiplier.sv     ; yes             ; User SystemVerilog HDL File  ; C:/SJ/Sem 7/EN3021_Digital System Design/fp/new/floating_point_multiplier.sv ;         ;
; floating_point_divider.sv        ; yes             ; User SystemVerilog HDL File  ; C:/SJ/Sem 7/EN3021_Digital System Design/fp/new/floating_point_divider.sv    ;         ;
; top_module.sv                    ; yes             ; User SystemVerilog HDL File  ; C:/SJ/Sem 7/EN3021_Digital System Design/fp/new/top_module.sv                ;         ;
; fpga.sv                          ; yes             ; User SystemVerilog HDL File  ; C:/SJ/Sem 7/EN3021_Digital System Design/fp/new/fpga.sv                      ;         ;
; binary_to_7seg.sv                ; yes             ; User SystemVerilog HDL File  ; C:/SJ/Sem 7/EN3021_Digital System Design/fp/new/binary_to_7seg.sv            ;         ;
+----------------------------------+-----------------+------------------------------+------------------------------------------------------------------------------+---------+


+-------------------------------------------------------+
; Analysis & Synthesis Resource Usage Summary           ;
+---------------------------------------------+---------+
; Resource                                    ; Usage   ;
+---------------------------------------------+---------+
; Estimated Total logic elements              ; 5       ;
;                                             ;         ;
; Total combinational functions               ; 1       ;
; Logic element usage by number of LUT inputs ;         ;
;     -- 4 input functions                    ; 0       ;
;     -- 3 input functions                    ; 1       ;
;     -- <=2 input functions                  ; 0       ;
;                                             ;         ;
; Logic elements by mode                      ;         ;
;     -- normal mode                          ; 1       ;
;     -- arithmetic mode                      ; 0       ;
;                                             ;         ;
; Total registers                             ; 5       ;
;     -- Dedicated logic registers            ; 5       ;
;     -- I/O registers                        ; 0       ;
;                                             ;         ;
; I/O pins                                    ; 51      ;
;                                             ;         ;
; Embedded Multiplier 9-bit elements          ; 0       ;
;                                             ;         ;
; Maximum fan-out node                        ; one2[0] ;
; Maximum fan-out                             ; 23      ;
; Total fan-out                               ; 90      ;
; Average fan-out                             ; 0.83    ;
+---------------------------------------------+---------+


+-------------------------------------------------------------------------------------------------------------------------------------------------------------------------------------------------------------------------------------------------------+
; Analysis & Synthesis Resource Utilization by Entity                                                                                                                                                                                                   ;
+------------------------------------+---------------------+---------------------------+-------------+--------------+---------+-----------+------+--------------+-------------------------------------------------+----------------------+--------------+
; Compilation Hierarchy Node         ; Combinational ALUTs ; Dedicated Logic Registers ; Memory Bits ; DSP Elements ; DSP 9x9 ; DSP 18x18 ; Pins ; Virtual Pins ; Full Hierarchy Name                             ; Entity Name          ; Library Name ;
+------------------------------------+---------------------+---------------------------+-------------+--------------+---------+-----------+------+--------------+-------------------------------------------------+----------------------+--------------+
; |fpga                              ; 1 (1)               ; 5 (3)                     ; 0           ; 0            ; 0       ; 0         ; 51   ; 0            ; |fpga                                           ; fpga                 ; work         ;
;    |top_module:top|                ; 0 (0)               ; 2 (1)                     ; 0           ; 0            ; 0       ; 0         ; 0    ; 0            ; |fpga|top_module:top                            ; top_module           ; work         ;
;       |floating_point_adder:adder| ; 0 (0)               ; 1 (1)                     ; 0           ; 0            ; 0       ; 0         ; 0    ; 0            ; |fpga|top_module:top|floating_point_adder:adder ; floating_point_adder ; work         ;
+------------------------------------+---------------------+---------------------------+-------------+--------------+---------+-----------+------+--------------+-------------------------------------------------+----------------------+--------------+
Note: For table entries with two numbers listed, the numbers in parentheses indicate the number of resources of the given type used by the specific entity alone. The numbers listed outside of parentheses indicate the total resources of the given type used by the specific entity and all of its sub-entities in the hierarchy.


+----------------------------------------------------------------------------------------------------------------------------------------------------+
; Registers Removed During Synthesis                                                                                                                 ;
+---------------------------------------------------------------------------------+------------------------------------------------------------------+
; Register name                                                                   ; Reason for Removal                                               ;
+---------------------------------------------------------------------------------+------------------------------------------------------------------+
; a[1,4,5,8,9,12,13,16,17,19..21,23,25..29,31]                                    ; Stuck at GND due to stuck port data_in                           ;
; b[0,2,5,6,9,10,13,14,17,18,21,23..29,31]                                        ; Stuck at GND due to stuck port data_in                           ;
; operation[0,1]                                                                  ; Stuck at GND due to stuck port data_in                           ;
; top_module:top|floating_point_divider:divider|result[4..31]                     ; Lost fanout                                                      ;
; top_module:top|floating_point_multiplier:multiplier|result[4..31]               ; Lost fanout                                                      ;
; top_module:top|floating_point_subtractor:subtractor|result[4..31]               ; Lost fanout                                                      ;
; top_module:top|floating_point_adder:adder|result[23,25..29,31]                  ; Stuck at GND due to stuck port data_in                           ;
; top_module:top|result[23,25..29,31]                                             ; Stuck at GND due to stuck port data_in                           ;
; result[23,25..29,31]                                                            ; Stuck at GND due to stuck port data_in                           ;
; one6[3]                                                                         ; Stuck at GND due to stuck port data_in                           ;
; one7[1..3]                                                                      ; Stuck at GND due to stuck port data_in                           ;
; one8[0,1,3]                                                                     ; Stuck at GND due to stuck port data_in                           ;
; a[2,3,6,7,10,11,14,15,18,22,24,30]                                              ; Merged with a[0]                                                 ;
; b[1,3,4,7,8,11,12,15,16,19,20,22,30]                                            ; Merged with a[0]                                                 ;
; top_module:top|floating_point_adder:adder|result[6,10,14,18]                    ; Stuck at GND due to stuck port data_in                           ;
; top_module:top|result[6,10,14,18]                                               ; Stuck at GND due to stuck port data_in                           ;
; top_module:top|floating_point_adder:adder|result[7,11,15]                       ; Stuck at GND due to stuck port data_in                           ;
; result[6,10,14,18]                                                              ; Stuck at GND due to stuck port data_in                           ;
; one2[2]                                                                         ; Stuck at GND due to stuck port data_in                           ;
; one3[2]                                                                         ; Stuck at GND due to stuck port data_in                           ;
; one4[2]                                                                         ; Stuck at GND due to stuck port data_in                           ;
; one5[2]                                                                         ; Stuck at GND due to stuck port data_in                           ;
; top_module:top|result[7,11,15]                                                  ; Stuck at GND due to stuck port data_in                           ;
; result[7,11,15]                                                                 ; Stuck at GND due to stuck port data_in                           ;
; one2[3]                                                                         ; Stuck at GND due to stuck port data_in                           ;
; one3[3]                                                                         ; Stuck at GND due to stuck port data_in                           ;
; one4[3]                                                                         ; Stuck at GND due to stuck port data_in                           ;
; top_module:top|floating_point_adder:adder|result[4,5,8,9,12,13,16,17,19..22,24] ; Merged with top_module:top|floating_point_adder:adder|result[30] ;
; top_module:top|result[4,5,8,9,12,13,16,17,19..22,24]                            ; Merged with top_module:top|result[30]                            ;
; one2[1]                                                                         ; Merged with one2[0]                                              ;
; one3[0,1]                                                                       ; Merged with one2[0]                                              ;
; one4[0,1]                                                                       ; Merged with one2[0]                                              ;
; one5[0,1,3]                                                                     ; Merged with one2[0]                                              ;
; one6[0..2]                                                                      ; Merged with one2[0]                                              ;
; one7[0]                                                                         ; Merged with one2[0]                                              ;
; one8[2]                                                                         ; Merged with one2[0]                                              ;
; result[4,5,8,9,13,16,17,19..22,24,30]                                           ; Merged with result[12]                                           ;
; Total Number of Removed Registers = 257                                         ;                                                                  ;
+---------------------------------------------------------------------------------+------------------------------------------------------------------+


+----------------------------------------------------------------------------------------------------------------------------------------+
; Removed Registers Triggering Further Register Optimizations                                                                            ;
+---------------+---------------------------+--------------------------------------------------------------------------------------------+
; Register name ; Reason for Removal        ; Registers Removed due to This Register                                                     ;
+---------------+---------------------------+--------------------------------------------------------------------------------------------+
; operation[1]  ; Stuck at GND              ; top_module:top|floating_point_divider:divider|result[31],                                  ;
;               ; due to stuck port data_in ; top_module:top|floating_point_divider:divider|result[30],                                  ;
;               ;                           ; top_module:top|floating_point_divider:divider|result[29],                                  ;
;               ;                           ; top_module:top|floating_point_divider:divider|result[28],                                  ;
;               ;                           ; top_module:top|floating_point_divider:divider|result[27],                                  ;
;               ;                           ; top_module:top|floating_point_divider:divider|result[26],                                  ;
;               ;                           ; top_module:top|floating_point_divider:divider|result[25],                                  ;
;               ;                           ; top_module:top|floating_point_divider:divider|result[24],                                  ;
;               ;                           ; top_module:top|floating_point_divider:divider|result[23],                                  ;
;               ;                           ; top_module:top|floating_point_divider:divider|result[22],                                  ;
;               ;                           ; top_module:top|floating_point_divider:divider|result[21],                                  ;
;               ;                           ; top_module:top|floating_point_divider:divider|result[20],                                  ;
;               ;                           ; top_module:top|floating_point_divider:divider|result[19],                                  ;
;               ;                           ; top_module:top|floating_point_divider:divider|result[18],                                  ;
;               ;                           ; top_module:top|floating_point_divider:divider|result[17],                                  ;
;               ;                           ; top_module:top|floating_point_divider:divider|result[16],                                  ;
;               ;                           ; top_module:top|floating_point_divider:divider|result[15],                                  ;
;               ;                           ; top_module:top|floating_point_divider:divider|result[14],                                  ;
;               ;                           ; top_module:top|floating_point_divider:divider|result[13],                                  ;
;               ;                           ; top_module:top|floating_point_divider:divider|result[12],                                  ;
;               ;                           ; top_module:top|floating_point_divider:divider|result[11],                                  ;
;               ;                           ; top_module:top|floating_point_divider:divider|result[10],                                  ;
;               ;                           ; top_module:top|floating_point_divider:divider|result[9],                                   ;
;               ;                           ; top_module:top|floating_point_divider:divider|result[8],                                   ;
;               ;                           ; top_module:top|floating_point_divider:divider|result[7],                                   ;
;               ;                           ; top_module:top|floating_point_divider:divider|result[6],                                   ;
;               ;                           ; top_module:top|floating_point_divider:divider|result[5],                                   ;
;               ;                           ; top_module:top|floating_point_divider:divider|result[4],                                   ;
;               ;                           ; top_module:top|floating_point_multiplier:multiplier|result[31],                            ;
;               ;                           ; top_module:top|floating_point_multiplier:multiplier|result[30],                            ;
;               ;                           ; top_module:top|floating_point_multiplier:multiplier|result[29],                            ;
;               ;                           ; top_module:top|floating_point_multiplier:multiplier|result[28],                            ;
;               ;                           ; top_module:top|floating_point_multiplier:multiplier|result[27],                            ;
;               ;                           ; top_module:top|floating_point_multiplier:multiplier|result[26],                            ;
;               ;                           ; top_module:top|floating_point_multiplier:multiplier|result[25],                            ;
;               ;                           ; top_module:top|floating_point_multiplier:multiplier|result[24],                            ;
;               ;                           ; top_module:top|floating_point_multiplier:multiplier|result[23],                            ;
;               ;                           ; top_module:top|floating_point_multiplier:multiplier|result[22],                            ;
;               ;                           ; top_module:top|floating_point_multiplier:multiplier|result[21],                            ;
;               ;                           ; top_module:top|floating_point_multiplier:multiplier|result[20],                            ;
;               ;                           ; top_module:top|floating_point_multiplier:multiplier|result[19],                            ;
;               ;                           ; top_module:top|floating_point_multiplier:multiplier|result[18],                            ;
;               ;                           ; top_module:top|floating_point_multiplier:multiplier|result[17],                            ;
;               ;                           ; top_module:top|floating_point_multiplier:multiplier|result[16],                            ;
;               ;                           ; top_module:top|floating_point_multiplier:multiplier|result[15],                            ;
;               ;                           ; top_module:top|floating_point_multiplier:multiplier|result[14],                            ;
;               ;                           ; top_module:top|floating_point_multiplier:multiplier|result[13],                            ;
;               ;                           ; top_module:top|floating_point_multiplier:multiplier|result[12],                            ;
;               ;                           ; top_module:top|floating_point_multiplier:multiplier|result[11],                            ;
;               ;                           ; top_module:top|floating_point_multiplier:multiplier|result[10],                            ;
;               ;                           ; top_module:top|floating_point_multiplier:multiplier|result[9],                             ;
;               ;                           ; top_module:top|floating_point_multiplier:multiplier|result[8],                             ;
;               ;                           ; top_module:top|floating_point_multiplier:multiplier|result[7],                             ;
;               ;                           ; top_module:top|floating_point_multiplier:multiplier|result[6],                             ;
;               ;                           ; top_module:top|floating_point_multiplier:multiplier|result[5],                             ;
;               ;                           ; top_module:top|floating_point_multiplier:multiplier|result[4],                             ;
;               ;                           ; top_module:top|floating_point_subtractor:subtractor|result[31],                            ;
;               ;                           ; top_module:top|floating_point_subtractor:subtractor|result[30],                            ;
;               ;                           ; top_module:top|floating_point_subtractor:subtractor|result[29],                            ;
;               ;                           ; top_module:top|floating_point_subtractor:subtractor|result[28],                            ;
;               ;                           ; top_module:top|floating_point_subtractor:subtractor|result[27],                            ;
;               ;                           ; top_module:top|floating_point_subtractor:subtractor|result[26],                            ;
;               ;                           ; top_module:top|floating_point_subtractor:subtractor|result[25],                            ;
;               ;                           ; top_module:top|floating_point_subtractor:subtractor|result[24],                            ;
;               ;                           ; top_module:top|floating_point_subtractor:subtractor|result[23],                            ;
;               ;                           ; top_module:top|floating_point_subtractor:subtractor|result[22],                            ;
;               ;                           ; top_module:top|floating_point_subtractor:subtractor|result[21],                            ;
;               ;                           ; top_module:top|floating_point_subtractor:subtractor|result[20],                            ;
;               ;                           ; top_module:top|floating_point_subtractor:subtractor|result[19],                            ;
;               ;                           ; top_module:top|floating_point_subtractor:subtractor|result[18],                            ;
;               ;                           ; top_module:top|floating_point_subtractor:subtractor|result[17],                            ;
;               ;                           ; top_module:top|floating_point_subtractor:subtractor|result[16],                            ;
;               ;                           ; top_module:top|floating_point_subtractor:subtractor|result[15],                            ;
;               ;                           ; top_module:top|floating_point_subtractor:subtractor|result[14],                            ;
;               ;                           ; top_module:top|floating_point_subtractor:subtractor|result[13],                            ;
;               ;                           ; top_module:top|floating_point_subtractor:subtractor|result[12],                            ;
;               ;                           ; top_module:top|floating_point_subtractor:subtractor|result[11],                            ;
;               ;                           ; top_module:top|floating_point_subtractor:subtractor|result[10],                            ;
;               ;                           ; top_module:top|floating_point_subtractor:subtractor|result[9],                             ;
;               ;                           ; top_module:top|floating_point_subtractor:subtractor|result[8],                             ;
;               ;                           ; top_module:top|floating_point_subtractor:subtractor|result[7],                             ;
;               ;                           ; top_module:top|floating_point_subtractor:subtractor|result[6],                             ;
;               ;                           ; top_module:top|floating_point_subtractor:subtractor|result[5],                             ;
;               ;                           ; top_module:top|floating_point_subtractor:subtractor|result[4],                             ;
;               ;                           ; top_module:top|result[31], top_module:top|result[29], top_module:top|result[28],           ;
;               ;                           ; top_module:top|result[27], top_module:top|result[26], top_module:top|result[25],           ;
;               ;                           ; top_module:top|result[23], result[31], result[29], result[28], result[27], result[26],     ;
;               ;                           ; result[25], result[23], one6[3], one7[3], one7[2], one7[1], one8[3], one8[1], one8[0],     ;
;               ;                           ; top_module:top|result[18], top_module:top|result[14], top_module:top|result[10],           ;
;               ;                           ; top_module:top|result[6], result[18], result[14], result[10], result[6], one2[2], one3[2], ;
;               ;                           ; one4[2], one5[2], top_module:top|result[15], top_module:top|result[11],                    ;
;               ;                           ; top_module:top|result[7], result[15], result[11], result[7], one2[3], one3[3], one4[3]     ;
; a[31]         ; Stuck at GND              ; top_module:top|floating_point_adder:adder|result[31],                                      ;
;               ; due to stuck port data_in ; top_module:top|floating_point_adder:adder|result[18],                                      ;
;               ;                           ; top_module:top|floating_point_adder:adder|result[14],                                      ;
;               ;                           ; top_module:top|floating_point_adder:adder|result[10],                                      ;
;               ;                           ; top_module:top|floating_point_adder:adder|result[6],                                       ;
;               ;                           ; top_module:top|floating_point_adder:adder|result[15],                                      ;
;               ;                           ; top_module:top|floating_point_adder:adder|result[11],                                      ;
;               ;                           ; top_module:top|floating_point_adder:adder|result[7]                                        ;
; a[29]         ; Stuck at GND              ; top_module:top|floating_point_adder:adder|result[29],                                      ;
;               ; due to stuck port data_in ; top_module:top|floating_point_adder:adder|result[28],                                      ;
;               ;                           ; top_module:top|floating_point_adder:adder|result[27],                                      ;
;               ;                           ; top_module:top|floating_point_adder:adder|result[26],                                      ;
;               ;                           ; top_module:top|floating_point_adder:adder|result[25],                                      ;
;               ;                           ; top_module:top|floating_point_adder:adder|result[23]                                       ;
+---------------+---------------------------+--------------------------------------------------------------------------------------------+


+------------------------------------------------------+
; General Register Statistics                          ;
+----------------------------------------------+-------+
; Statistic                                    ; Value ;
+----------------------------------------------+-------+
; Total registers                              ; 5     ;
; Number of registers using Synchronous Clear  ; 0     ;
; Number of registers using Synchronous Load   ; 0     ;
; Number of registers using Asynchronous Clear ; 4     ;
; Number of registers using Asynchronous Load  ; 0     ;
; Number of registers using Clock Enable       ; 0     ;
; Number of registers using Preset             ; 0     ;
+----------------------------------------------+-------+


+----------------------------------------------------------------------+
; Parameter Settings for User Entity Instance: Top-level Entity: |fpga ;
+----------------+-------+---------------------------------------------+
; Parameter Name ; Value ; Type                                        ;
+----------------+-------+---------------------------------------------+
; DATA_WIDTH     ; 32    ; Signed Integer                              ;
; EXP_WIDTH      ; 8     ; Signed Integer                              ;
; MANT_WIDTH     ; 23    ; Signed Integer                              ;
+----------------+-------+---------------------------------------------+
Note: In order to hide this table in the UI and the text report file, please set the "Show Parameter Settings in Synthesis Report" option in "Analysis and Synthesis Settings -> More Settings" to "Off".


+-------------------------------------------------------------+
; Parameter Settings for User Entity Instance: top_module:top ;
+----------------+-------+------------------------------------+
; Parameter Name ; Value ; Type                               ;
+----------------+-------+------------------------------------+
; WIDTH          ; 32    ; Signed Integer                     ;
; EXP_WIDTH      ; 8     ; Signed Integer                     ;
; MANT_WIDTH     ; 23    ; Signed Integer                     ;
+----------------+-------+------------------------------------+
Note: In order to hide this table in the UI and the text report file, please set the "Show Parameter Settings in Synthesis Report" option in "Analysis and Synthesis Settings -> More Settings" to "Off".


+----------------------------------------------------------------------------------------+
; Parameter Settings for User Entity Instance: top_module:top|floating_point_adder:adder ;
+----------------+-------+---------------------------------------------------------------+
; Parameter Name ; Value ; Type                                                          ;
+----------------+-------+---------------------------------------------------------------+
; WIDTH          ; 32    ; Signed Integer                                                ;
+----------------+-------+---------------------------------------------------------------+
Note: In order to hide this table in the UI and the text report file, please set the "Show Parameter Settings in Synthesis Report" option in "Analysis and Synthesis Settings -> More Settings" to "Off".


+--------------------------------------------------------------------------------------------------+
; Parameter Settings for User Entity Instance: top_module:top|floating_point_subtractor:subtractor ;
+----------------+-------+-------------------------------------------------------------------------+
; Parameter Name ; Value ; Type                                                                    ;
+----------------+-------+-------------------------------------------------------------------------+
; WIDTH          ; 32    ; Signed Integer                                                          ;
; EXP_WIDTH      ; 8     ; Signed Integer                                                          ;
; MANT_WIDTH     ; 23    ; Signed Integer                                                          ;
+----------------+-------+-------------------------------------------------------------------------+
Note: In order to hide this table in the UI and the text report file, please set the "Show Parameter Settings in Synthesis Report" option in "Analysis and Synthesis Settings -> More Settings" to "Off".


+--------------------------------------------------------------------------------------------------+
; Parameter Settings for User Entity Instance: top_module:top|floating_point_multiplier:multiplier ;
+----------------+-------+-------------------------------------------------------------------------+
; Parameter Name ; Value ; Type                                                                    ;
+----------------+-------+-------------------------------------------------------------------------+
; WIDTH          ; 32    ; Signed Integer                                                          ;
; EXP_WIDTH      ; 8     ; Signed Integer                                                          ;
; MANT_WIDTH     ; 23    ; Signed Integer                                                          ;
+----------------+-------+-------------------------------------------------------------------------+
Note: In order to hide this table in the UI and the text report file, please set the "Show Parameter Settings in Synthesis Report" option in "Analysis and Synthesis Settings -> More Settings" to "Off".


+--------------------------------------------------------------------------------------------+
; Parameter Settings for User Entity Instance: top_module:top|floating_point_divider:divider ;
+----------------+-------+-------------------------------------------------------------------+
; Parameter Name ; Value ; Type                                                              ;
+----------------+-------+-------------------------------------------------------------------+
; WIDTH          ; 32    ; Signed Integer                                                    ;
; EXP_WIDTH      ; 8     ; Signed Integer                                                    ;
; MANT_WIDTH     ; 23    ; Signed Integer                                                    ;
+----------------+-------+-------------------------------------------------------------------+
Note: In order to hide this table in the UI and the text report file, please set the "Show Parameter Settings in Synthesis Report" option in "Analysis and Synthesis Settings -> More Settings" to "Off".


+------------------------------------------------------------------------------------------------------------------------------------------------------------+
; Port Connectivity Checks: "binary_to_7seg:ss8"                                                                                                             ;
+----------+--------+----------+-----------------------------------------------------------------------------------------------------------------------------+
; Port     ; Type   ; Severity ; Details                                                                                                                     ;
+----------+--------+----------+-----------------------------------------------------------------------------------------------------------------------------+
; data_out ; Output ; Warning  ; Output or bidir port (7 bits) is wider than the port expression (1 bits) it drives; bit(s) "data_out[6..1]" have no fanouts ;
; data_out ; Output ; Info     ; Connected to dangling logic. Logic that only feeds a dangling port will be removed.                                         ;
+----------+--------+----------+-----------------------------------------------------------------------------------------------------------------------------+


+-----------------------------------------------------+
; Post-Synthesis Netlist Statistics for Top Partition ;
+-----------------------+-----------------------------+
; Type                  ; Count                       ;
+-----------------------+-----------------------------+
; boundary_port         ; 51                          ;
; cycloneiii_ff         ; 5                           ;
;     CLR               ; 4                           ;
;     plain             ; 1                           ;
; cycloneiii_lcell_comb ; 4                           ;
;     normal            ; 4                           ;
;         0 data inputs ; 2                           ;
;         1 data inputs ; 1                           ;
;         3 data inputs ; 1                           ;
;                       ;                             ;
; Max LUT depth         ; 1.00                        ;
; Average LUT depth     ; 0.55                        ;
+-----------------------+-----------------------------+


+-------------------------------+
; Elapsed Time Per Partition    ;
+----------------+--------------+
; Partition Name ; Elapsed Time ;
+----------------+--------------+
; Top            ; 00:00:01     ;
+----------------+--------------+


+-------------------------------+
; Analysis & Synthesis Messages ;
+-------------------------------+
Info: *******************************************************************
Info: Running Quartus Prime Analysis & Synthesis
    Info: Version 20.1.1 Build 720 11/11/2020 SJ Lite Edition
    Info: Processing started: Sun Jan 05 15:06:49 2025
Info: Command: quartus_map --read_settings_files=on --write_settings_files=off top -c top
Warning (18236): Number of processors has not been specified which may cause overloading on shared machines.  Set the global assignment NUM_PARALLEL_PROCESSORS in your QSF to an appropriate value for best performance.
Info (20030): Parallel compilation is enabled and will use 10 of the 10 processors detected
Info (12021): Found 1 design units, including 1 entities, in source file /sj/sem 7/en3021_digital system design/fp/tb_floating_point_adder.sv
    Info (12023): Found entity 1: tb_floating_point_adder File: C:/SJ/Sem 7/EN3021_Digital System Design/fp/tb_floating_point_adder.sv Line: 3
Info (12021): Found 1 design units, including 1 entities, in source file /sj/sem 7/en3021_digital system design/fp/floating_point_adder.sv
    Info (12023): Found entity 1: floating_point_adder File: C:/SJ/Sem 7/EN3021_Digital System Design/fp/floating_point_adder.sv Line: 1
Info (12021): Found 1 design units, including 1 entities, in source file floating_point_subtractor.sv
    Info (12023): Found entity 1: floating_point_subtractor File: C:/SJ/Sem 7/EN3021_Digital System Design/fp/new/floating_point_subtractor.sv Line: 1
Info (12021): Found 1 design units, including 1 entities, in source file tb_floating_point_subtractor.sv
    Info (12023): Found entity 1: floating_point_subtractor_tb File: C:/SJ/Sem 7/EN3021_Digital System Design/fp/new/tb_floating_point_subtractor.sv Line: 3
Info (12021): Found 1 design units, including 1 entities, in source file floating_point_multiplier.sv
    Info (12023): Found entity 1: floating_point_multiplier File: C:/SJ/Sem 7/EN3021_Digital System Design/fp/new/floating_point_multiplier.sv Line: 1
Info (12021): Found 1 design units, including 1 entities, in source file tb_floating_point_multiplier.sv
    Info (12023): Found entity 1: tb_floating_point_multiplier File: C:/SJ/Sem 7/EN3021_Digital System Design/fp/new/tb_floating_point_multiplier.sv Line: 3
Info (12021): Found 1 design units, including 1 entities, in source file floating_point_divider.sv
    Info (12023): Found entity 1: floating_point_divider File: C:/SJ/Sem 7/EN3021_Digital System Design/fp/new/floating_point_divider.sv Line: 1
Info (12021): Found 1 design units, including 1 entities, in source file tb_floating_point_divider.sv
    Info (12023): Found entity 1: tb_floating_point_divider File: C:/SJ/Sem 7/EN3021_Digital System Design/fp/new/tb_floating_point_divider.sv Line: 3
Info (12021): Found 1 design units, including 1 entities, in source file top_module.sv
    Info (12023): Found entity 1: top_module File: C:/SJ/Sem 7/EN3021_Digital System Design/fp/new/top_module.sv Line: 1
Info (12021): Found 1 design units, including 1 entities, in source file tb_top_module.sv
    Info (12023): Found entity 1: tb_top_module File: C:/SJ/Sem 7/EN3021_Digital System Design/fp/new/tb_top_module.sv Line: 3
Info (12021): Found 1 design units, including 1 entities, in source file fpga.sv
    Info (12023): Found entity 1: fpga File: C:/SJ/Sem 7/EN3021_Digital System Design/fp/new/fpga.sv Line: 1
Info (12021): Found 1 design units, including 1 entities, in source file binary_to_7seg.sv
    Info (12023): Found entity 1: binary_to_7seg File: C:/SJ/Sem 7/EN3021_Digital System Design/fp/new/binary_to_7seg.sv Line: 2
Info (12021): Found 1 design units, including 1 entities, in source file tb_fpga.sv
    Info (12023): Found entity 1: tb_fpga File: C:/SJ/Sem 7/EN3021_Digital System Design/fp/new/tb_fpga.sv Line: 3
Warning (10236): Verilog HDL Implicit Net warning at fpga.sv(82): created implicit net for "out8" File: C:/SJ/Sem 7/EN3021_Digital System Design/fp/new/fpga.sv Line: 82
Info (12127): Elaborating entity "fpga" for the top level hierarchy
Info (12128): Elaborating entity "top_module" for hierarchy "top_module:top" File: C:/SJ/Sem 7/EN3021_Digital System Design/fp/new/fpga.sv Line: 43
Info (12128): Elaborating entity "floating_point_adder" for hierarchy "top_module:top|floating_point_adder:adder" File: C:/SJ/Sem 7/EN3021_Digital System Design/fp/new/top_module.sv Line: 29
Info (12128): Elaborating entity "floating_point_subtractor" for hierarchy "top_module:top|floating_point_subtractor:subtractor" File: C:/SJ/Sem 7/EN3021_Digital System Design/fp/new/top_module.sv Line: 49
Info (12128): Elaborating entity "floating_point_multiplier" for hierarchy "top_module:top|floating_point_multiplier:multiplier" File: C:/SJ/Sem 7/EN3021_Digital System Design/fp/new/top_module.sv Line: 62
Warning (10230): Verilog HDL assignment warning at floating_point_multiplier.sv(35): truncated value with size 32 to match size of target (8) File: C:/SJ/Sem 7/EN3021_Digital System Design/fp/new/floating_point_multiplier.sv Line: 35
Info (12128): Elaborating entity "floating_point_divider" for hierarchy "top_module:top|floating_point_divider:divider" File: C:/SJ/Sem 7/EN3021_Digital System Design/fp/new/top_module.sv Line: 75
Warning (10230): Verilog HDL assignment warning at floating_point_divider.sv(33): truncated value with size 32 to match size of target (8) File: C:/SJ/Sem 7/EN3021_Digital System Design/fp/new/floating_point_divider.sv Line: 33
Warning (10230): Verilog HDL assignment warning at floating_point_divider.sv(39): truncated value with size 32 to match size of target (24) File: C:/SJ/Sem 7/EN3021_Digital System Design/fp/new/floating_point_divider.sv Line: 39
Info (12128): Elaborating entity "binary_to_7seg" for hierarchy "binary_to_7seg:ss1" File: C:/SJ/Sem 7/EN3021_Digital System Design/fp/new/fpga.sv Line: 75
Warning (12241): 1 hierarchies have connectivity warnings - see the Connectivity Checks report folder
Warning (13024): Output pins are stuck at VCC or GND
    Warning (13410): Pin "out1[1]" is stuck at GND File: C:/SJ/Sem 7/EN3021_Digital System Design/fp/new/fpga.sv Line: 8
    Warning (13410): Pin "out1[2]" is stuck at GND File: C:/SJ/Sem 7/EN3021_Digital System Design/fp/new/fpga.sv Line: 8
    Warning (13410): Pin "out1[5]" is stuck at GND File: C:/SJ/Sem 7/EN3021_Digital System Design/fp/new/fpga.sv Line: 8
    Warning (13410): Pin "out2[1]" is stuck at GND File: C:/SJ/Sem 7/EN3021_Digital System Design/fp/new/fpga.sv Line: 8
    Warning (13410): Pin "out2[2]" is stuck at GND File: C:/SJ/Sem 7/EN3021_Digital System Design/fp/new/fpga.sv Line: 8
    Warning (13410): Pin "out2[6]" is stuck at VCC File: C:/SJ/Sem 7/EN3021_Digital System Design/fp/new/fpga.sv Line: 8
    Warning (13410): Pin "out3[0]" is stuck at GND File: C:/SJ/Sem 7/EN3021_Digital System Design/fp/new/fpga.sv Line: 8
    Warning (13410): Pin "out3[1]" is stuck at GND File: C:/SJ/Sem 7/EN3021_Digital System Design/fp/new/fpga.sv Line: 8
    Warning (13410): Pin "out3[2]" is stuck at GND File: C:/SJ/Sem 7/EN3021_Digital System Design/fp/new/fpga.sv Line: 8
    Warning (13410): Pin "out3[6]" is stuck at VCC File: C:/SJ/Sem 7/EN3021_Digital System Design/fp/new/fpga.sv Line: 8
    Warning (13410): Pin "out4[2]" is stuck at GND File: C:/SJ/Sem 7/EN3021_Digital System Design/fp/new/fpga.sv Line: 8
    Warning (13410): Pin "out4[3]" is stuck at GND File: C:/SJ/Sem 7/EN3021_Digital System Design/fp/new/fpga.sv Line: 8
    Warning (13410): Pin "out4[4]" is stuck at GND File: C:/SJ/Sem 7/EN3021_Digital System Design/fp/new/fpga.sv Line: 8
    Warning (13410): Pin "out4[5]" is stuck at GND File: C:/SJ/Sem 7/EN3021_Digital System Design/fp/new/fpga.sv Line: 8
    Warning (13410): Pin "out5[0]" is stuck at GND File: C:/SJ/Sem 7/EN3021_Digital System Design/fp/new/fpga.sv Line: 8
    Warning (13410): Pin "out5[1]" is stuck at GND File: C:/SJ/Sem 7/EN3021_Digital System Design/fp/new/fpga.sv Line: 8
    Warning (13410): Pin "out5[2]" is stuck at GND File: C:/SJ/Sem 7/EN3021_Digital System Design/fp/new/fpga.sv Line: 8
    Warning (13410): Pin "out5[3]" is stuck at GND File: C:/SJ/Sem 7/EN3021_Digital System Design/fp/new/fpga.sv Line: 8
    Warning (13410): Pin "out6[0]" is stuck at GND File: C:/SJ/Sem 7/EN3021_Digital System Design/fp/new/fpga.sv Line: 8
    Warning (13410): Pin "out6[1]" is stuck at GND File: C:/SJ/Sem 7/EN3021_Digital System Design/fp/new/fpga.sv Line: 8
    Warning (13410): Pin "out6[2]" is stuck at GND File: C:/SJ/Sem 7/EN3021_Digital System Design/fp/new/fpga.sv Line: 8
    Warning (13410): Pin "out6[3]" is stuck at GND File: C:/SJ/Sem 7/EN3021_Digital System Design/fp/new/fpga.sv Line: 8
    Warning (13410): Pin "out7[0]" is stuck at GND File: C:/SJ/Sem 7/EN3021_Digital System Design/fp/new/fpga.sv Line: 9
    Warning (13410): Pin "out7[1]" is stuck at GND File: C:/SJ/Sem 7/EN3021_Digital System Design/fp/new/fpga.sv Line: 9
    Warning (13410): Pin "out7[2]" is stuck at GND File: C:/SJ/Sem 7/EN3021_Digital System Design/fp/new/fpga.sv Line: 9
    Warning (13410): Pin "out7[3]" is stuck at GND File: C:/SJ/Sem 7/EN3021_Digital System Design/fp/new/fpga.sv Line: 9
Info (286030): Timing-Driven Synthesis is running
Info (17049): 84 registers lost all their fanouts during netlist optimizations.
Info (144001): Generated suppressed messages file C:/SJ/Sem 7/EN3021_Digital System Design/fp/new/output_files/top.map.smsg
Info (16010): Generating hard_block partition "hard_block:auto_generated_inst"
    Info (16011): Adding 0 node(s), including 0 DDIO, 0 PLL, 0 transceiver and 0 LCELL
Info (21057): Implemented 56 device resources after synthesis - the final resource count might be different
    Info (21058): Implemented 2 input pins
    Info (21059): Implemented 49 output pins
    Info (21061): Implemented 5 logic cells
Info: Quartus Prime Analysis & Synthesis was successful. 0 errors, 33 warnings
    Info: Peak virtual memory: 4815 megabytes
    Info: Processing ended: Sun Jan 05 15:07:07 2025
    Info: Elapsed time: 00:00:18
    Info: Total CPU time (on all processors): 00:00:09


+------------------------------------------+
; Analysis & Synthesis Suppressed Messages ;
+------------------------------------------+
The suppressed messages can be found in C:/SJ/Sem 7/EN3021_Digital System Design/fp/new/output_files/top.map.smsg.


